<?xml version="1.0" encoding="UTF-8"?>
<!-- Generated by org.testng.reporters.JUnitReportReporter -->
<testsuite hostname="Ved" failures="0" tests="9" name="com.AmazonTestCases.LaptopPageTestCases" time="334.712" errors="0" timestamp="2025-01-26T22:33:07 IST" skipped="0">
  <testcase classname="com.AmazonTestCases.LaptopPageTestCases" name="verifyUrl" time="7.019"/>
  <system-out/>
  <testcase classname="com.AmazonTestCases.LaptopPageTestCases" name="verifyUrl" time="7.018"/>
  <system-out/>
  <testcase classname="com.AmazonTestCases.LaptopPageTestCases" name="verifyUrl" time="7.030"/>
  <system-out/>
  <testcase classname="com.AmazonTestCases.LaptopPageTestCases" name="verifyTitle" time="0.017"/>
  <system-out/>
  <testcase classname="com.AmazonTestCases.LaptopPageTestCases" name="verifyTitle" time="0.013"/>
  <system-out/>
  <testcase classname="com.AmazonTestCases.LaptopPageTestCases" name="verifyTitle" time="0.008"/>
  <system-out/>
  <testcase classname="com.AmazonTestCases.LaptopPageTestCases" name="validateElectronics" time="128.166"/>
  <system-out/>
  <testcase classname="com.AmazonTestCases.LaptopPageTestCases" name="validateElectronics" time="75.483"/>
  <system-out/>
  <testcase classname="com.AmazonTestCases.LaptopPageTestCases" name="validateElectronics" time="109.958"/>
  <system-out/>
</testsuite> <!-- com.AmazonTestCases.LaptopPageTestCases -->
